<?xml version="1.0" encoding="UTF-8"?>
<!-- Generated by org.testng.reporters.JUnitXMLReporter -->
<testsuite ignored="0" hostname="Bhargavilaptop" failures="0" tests="4" name="This is DP test " time="0.052" errors="0" timestamp="2025-02-03T15:44:03 IST">
  <testcase classname="sampletestng.DataProviderTests" name="verifyData1Test" time="0.01"/>
  <testcase classname="sampletestng.DataProviderTests" name="verifyData1Test" time="0.001"/>
  <testcase classname="sampletestng.DataProviderTests" name="verifyData2Test" time="0.001"/>
  <testcase classname="sampletestng.DataProviderTests" name="verifyData2Test" time="0.0"/>
</testsuite> <!-- This is DP test  -->
