<?xml version="1.0" encoding="UTF-8"?>
<!-- Generated by org.testng.reporters.JUnitXMLReporter -->
<testsuite ignored="0" hostname="Bhargavilaptop" failures="1" tests="1" name="Failure Test" time="0.004" errors="0" timestamp="2025-02-03T16:44:55 IST">
  <testcase classname="dependency.TestFailure" name="doLogin" time="0.002">
    <failure type="java.lang.AssertionError" message="Failing the Login Test">
      <![CDATA[java.lang.AssertionError: Failing the Login Test
at dependency.TestFailure.doLogin(TestFailure.java:11)
at java.base/java.util.ArrayList.forEach(ArrayList.java:1597)
... Removed 26 stack frames]]>
    </failure>
  </testcase> <!-- doLogin -->
</testsuite> <!-- Failure Test -->
