<?xml version="1.0" encoding="UTF-8"?>
<!-- Generated by org.testng.reporters.JUnitXMLReporter -->
<testsuite ignored="0" hostname="Bhargavilaptop" failures="2" tests="5" name="Sanity Login Test" time="0.06" errors="0" timestamp="2025-02-03T16:44:55 IST">
  <testcase classname="sampletestng.NewTest" name="Test1" time="0.012"/>
  <testcase classname="sampletestng.NewTest" name="Test2" time="0.007">
    <failure type="java.lang.AssertionError" message="expected [true] but found [false]">
      <![CDATA[java.lang.AssertionError: expected [true] but found [false]
at sampletestng.NewTest.Test2(NewTest.java:17)
at java.base/java.util.ArrayList.forEach(ArrayList.java:1597)
... Removed 29 stack frames]]>
    </failure>
  </testcase> <!-- Test2 -->
  <testcase classname="sampletestng.NewTest" name="Test3" time="0.0"/>
  <testcase classname="sampletestng.NewTest" name="Test4" time="0.001"/>
  <testcase classname="sampletestng.Assertions_soft" name="validateTitleTest" time="0.005">
    <failure type="java.lang.AssertionError" message="The following asserts failed:
	title is not matching expected [MyTitle] but found [Title1],
	Failing as condition is not met">
      <![CDATA[java.lang.AssertionError: The following asserts failed:
title is not matching expected [MyTitle] but found [Title1],
Failing as condition is not met
at sampletestng.Assertions_soft.validateTitleTest(Assertions_soft.java:21)
at java.base/java.util.ArrayList.forEach(ArrayList.java:1597)
... Removed 27 stack frames]]>
    </failure>
  </testcase> <!-- validateTitleTest -->
</testsuite> <!-- Sanity Login Test -->
