<?xml version="1.0" encoding="UTF-8"?>
<testng-results ignored="0" total="6" passed="3" failed="3" skipped="0">
  <reporter-output>
    <line>
      <![CDATA[Pass Test LinkTest1]]>
    </line>
    <line>
      <![CDATA[<a href= "C:\Users\bharg\OneDrive\Desktoperror.jpg">Error SreenShot Link</a>]]>
    </line>
    <line>
      <![CDATA[Pass Test LinkTest3]]>
    </line>
    <line>
      <![CDATA[Pass Test LinkTest4]]>
    </line>
    <line>
      <![CDATA[<a href= "C:\Users\bharg\OneDrive\Desktoperror.jpg">Error SreenShot Link</a>]]>
    </line>
    <line>
      <![CDATA[<a href= "C:\Users\bharg\OneDrive\Desktoperror.jpg">Error SreenShot Link</a>]]>
    </line>
  </reporter-output>
  <suite started-at="2025-02-03T16:44:55 IST" name="Sanity Suite" finished-at="2025-02-03T16:44:55 IST" duration-ms="120">
    <groups>
    </groups>
    <test started-at="2025-02-03T16:44:55 IST" name="Sanity Login Test" finished-at="2025-02-03T16:44:55 IST" duration-ms="60">
      <class name="sampletestng.Assertions_soft">
        <test-method signature="validateTitleTest()[pri:0, instance:sampletestng.Assertions_soft@38425407]" started-at="2025-02-03T16:44:55 IST" name="validateTitleTest" description="Testing the softassert" finished-at="2025-02-03T16:44:55 IST" duration-ms="5" status="FAIL">
          <exception class="java.lang.AssertionError">
            <message>
              <![CDATA[The following asserts failed:
title is not matching expected [MyTitle] but found [Title1],
Failing as condition is not met]]>
            </message>
            <full-stacktrace>
              <![CDATA[java.lang.AssertionError: The following asserts failed:
title is not matching expected [MyTitle] but found [Title1],
Failing as condition is not met
at org.testng.asserts.SoftAssert.assertAll(SoftAssert.java:46)
at org.testng.asserts.SoftAssert.assertAll(SoftAssert.java:30)
at sampletestng.Assertions_soft.validateTitleTest(Assertions_soft.java:21)
at java.base/jdk.internal.reflect.DirectMethodHandleAccessor.invoke(DirectMethodHandleAccessor.java:103)
at java.base/java.lang.reflect.Method.invoke(Method.java:580)
at org.testng.internal.invokers.MethodInvocationHelper.invokeMethod(MethodInvocationHelper.java:139)
at org.testng.internal.invokers.TestInvoker.invokeMethod(TestInvoker.java:677)
at org.testng.internal.invokers.TestInvoker.invokeTestMethod(TestInvoker.java:221)
at org.testng.internal.invokers.MethodRunner.runInSequence(MethodRunner.java:50)
at org.testng.internal.invokers.TestInvoker$MethodInvocationAgent.invoke(TestInvoker.java:969)
at org.testng.internal.invokers.TestInvoker.invokeTestMethods(TestInvoker.java:194)
at org.testng.internal.invokers.TestMethodWorker.invokeTestMethods(TestMethodWorker.java:148)
at org.testng.internal.invokers.TestMethodWorker.run(TestMethodWorker.java:128)
at java.base/java.util.ArrayList.forEach(ArrayList.java:1597)
at org.testng.TestRunner.privateRun(TestRunner.java:829)
at org.testng.TestRunner.run(TestRunner.java:602)
at org.testng.SuiteRunner.runTest(SuiteRunner.java:437)
at org.testng.SuiteRunner.runSequentially(SuiteRunner.java:431)
at org.testng.SuiteRunner.privateRun(SuiteRunner.java:391)
at org.testng.SuiteRunner.run(SuiteRunner.java:330)
at org.testng.SuiteRunnerWorker.runSuite(SuiteRunnerWorker.java:52)
at org.testng.SuiteRunnerWorker.run(SuiteRunnerWorker.java:95)
at org.testng.TestNG.runSuitesSequentially(TestNG.java:1256)
at org.testng.TestNG.runSuitesLocally(TestNG.java:1176)
at org.testng.TestNG.runSuites(TestNG.java:1099)
at org.testng.TestNG.run(TestNG.java:1067)
at org.testng.remote.AbstractRemoteTestNG.run(AbstractRemoteTestNG.java:115)
at org.testng.remote.RemoteTestNG.initAndRun(RemoteTestNG.java:293)
at org.testng.remote.RemoteTestNG.main(RemoteTestNG.java:91)
]]>
            </full-stacktrace>
          </exception> <!-- java.lang.AssertionError -->
          <reporter-output>
            <line>
              <![CDATA[<a href= "C:\Users\bharg\OneDrive\Desktoperror.jpg">Error SreenShot Link</a>]]>
            </line>
          </reporter-output>
        </test-method> <!-- validateTitleTest -->
      </class> <!-- sampletestng.Assertions_soft -->
      <class name="sampletestng.NewTest">
        <test-method signature="Test1()[pri:1, instance:sampletestng.NewTest@6c6cb480]" started-at="2025-02-03T16:44:55 IST" name="Test1" description="This test is for regression1" finished-at="2025-02-03T16:44:55 IST" duration-ms="12" status="PASS">
          <reporter-output>
            <line>
              <![CDATA[Pass Test LinkTest1]]>
            </line>
          </reporter-output>
        </test-method> <!-- Test1 -->
        <test-method signature="Test2()[pri:2, instance:sampletestng.NewTest@6c6cb480]" started-at="2025-02-03T16:44:55 IST" name="Test2" description="This test is for RegressionTest2" finished-at="2025-02-03T16:44:55 IST" depends-on-methods="sampletestng.NewTest.Test1" duration-ms="7" status="FAIL">
          <exception class="java.lang.AssertionError">
            <message>
              <![CDATA[expected [true] but found [false]]]>
            </message>
            <full-stacktrace>
              <![CDATA[java.lang.AssertionError: expected [true] but found [false]
at org.testng.Assert.fail(Assert.java:110)
at org.testng.Assert.failNotEquals(Assert.java:1577)
at org.testng.Assert.assertTrue(Assert.java:56)
at org.testng.Assert.assertTrue(Assert.java:66)
at sampletestng.NewTest.Test2(NewTest.java:17)
at java.base/jdk.internal.reflect.DirectMethodHandleAccessor.invoke(DirectMethodHandleAccessor.java:103)
at java.base/java.lang.reflect.Method.invoke(Method.java:580)
at org.testng.internal.invokers.MethodInvocationHelper.invokeMethod(MethodInvocationHelper.java:139)
at org.testng.internal.invokers.TestInvoker.invokeMethod(TestInvoker.java:677)
at org.testng.internal.invokers.TestInvoker.invokeTestMethod(TestInvoker.java:221)
at org.testng.internal.invokers.MethodRunner.runInSequence(MethodRunner.java:50)
at org.testng.internal.invokers.TestInvoker$MethodInvocationAgent.invoke(TestInvoker.java:969)
at org.testng.internal.invokers.TestInvoker.invokeTestMethods(TestInvoker.java:194)
at org.testng.internal.invokers.TestMethodWorker.invokeTestMethods(TestMethodWorker.java:148)
at org.testng.internal.invokers.TestMethodWorker.run(TestMethodWorker.java:128)
at java.base/java.util.ArrayList.forEach(ArrayList.java:1597)
at org.testng.TestRunner.privateRun(TestRunner.java:829)
at org.testng.TestRunner.run(TestRunner.java:602)
at org.testng.SuiteRunner.runTest(SuiteRunner.java:437)
at org.testng.SuiteRunner.runSequentially(SuiteRunner.java:431)
at org.testng.SuiteRunner.privateRun(SuiteRunner.java:391)
at org.testng.SuiteRunner.run(SuiteRunner.java:330)
at org.testng.SuiteRunnerWorker.runSuite(SuiteRunnerWorker.java:52)
at org.testng.SuiteRunnerWorker.run(SuiteRunnerWorker.java:95)
at org.testng.TestNG.runSuitesSequentially(TestNG.java:1256)
at org.testng.TestNG.runSuitesLocally(TestNG.java:1176)
at org.testng.TestNG.runSuites(TestNG.java:1099)
at org.testng.TestNG.run(TestNG.java:1067)
at org.testng.remote.AbstractRemoteTestNG.run(AbstractRemoteTestNG.java:115)
at org.testng.remote.RemoteTestNG.initAndRun(RemoteTestNG.java:293)
at org.testng.remote.RemoteTestNG.main(RemoteTestNG.java:91)
]]>
            </full-stacktrace>
          </exception> <!-- java.lang.AssertionError -->
          <reporter-output>
            <line>
              <![CDATA[<a href= "C:\Users\bharg\OneDrive\Desktoperror.jpg">Error SreenShot Link</a>]]>
            </line>
          </reporter-output>
        </test-method> <!-- Test2 -->
        <test-method signature="Test3()[pri:3, instance:sampletestng.NewTest@6c6cb480]" started-at="2025-02-03T16:44:55 IST" name="Test3" finished-at="2025-02-03T16:44:55 IST" depends-on-methods="sampletestng.NewTest.Test2" duration-ms="0" status="PASS">
          <reporter-output>
            <line>
              <![CDATA[Pass Test LinkTest3]]>
            </line>
          </reporter-output>
        </test-method> <!-- Test3 -->
        <test-method signature="Test4()[pri:4, instance:sampletestng.NewTest@6c6cb480]" started-at="2025-02-03T16:44:55 IST" name="Test4" finished-at="2025-02-03T16:44:55 IST" depends-on-methods="sampletestng.NewTest.Test3" duration-ms="1" status="PASS">
          <reporter-output>
            <line>
              <![CDATA[Pass Test LinkTest4]]>
            </line>
          </reporter-output>
        </test-method> <!-- Test4 -->
      </class> <!-- sampletestng.NewTest -->
    </test> <!-- Sanity Login Test -->
    <test started-at="2025-02-03T16:44:55 IST" name="Failure Test" finished-at="2025-02-03T16:44:55 IST" duration-ms="4">
      <class name="dependency.TestFailure">
        <test-method signature="doLogin()[pri:0, instance:dependency.TestFailure@55b0dcab]" started-at="2025-02-03T16:44:55 IST" name="doLogin" finished-at="2025-02-03T16:44:55 IST" duration-ms="2" status="FAIL">
          <exception class="java.lang.AssertionError">
            <message>
              <![CDATA[Failing the Login Test]]>
            </message>
            <full-stacktrace>
              <![CDATA[java.lang.AssertionError: Failing the Login Test
at org.testng.Assert.fail(Assert.java:110)
at dependency.TestFailure.doLogin(TestFailure.java:11)
at java.base/jdk.internal.reflect.DirectMethodHandleAccessor.invoke(DirectMethodHandleAccessor.java:103)
at java.base/java.lang.reflect.Method.invoke(Method.java:580)
at org.testng.internal.invokers.MethodInvocationHelper.invokeMethod(MethodInvocationHelper.java:139)
at org.testng.internal.invokers.TestInvoker.invokeMethod(TestInvoker.java:677)
at org.testng.internal.invokers.TestInvoker.invokeTestMethod(TestInvoker.java:221)
at org.testng.internal.invokers.MethodRunner.runInSequence(MethodRunner.java:50)
at org.testng.internal.invokers.TestInvoker$MethodInvocationAgent.invoke(TestInvoker.java:969)
at org.testng.internal.invokers.TestInvoker.invokeTestMethods(TestInvoker.java:194)
at org.testng.internal.invokers.TestMethodWorker.invokeTestMethods(TestMethodWorker.java:148)
at org.testng.internal.invokers.TestMethodWorker.run(TestMethodWorker.java:128)
at java.base/java.util.ArrayList.forEach(ArrayList.java:1597)
at org.testng.TestRunner.privateRun(TestRunner.java:829)
at org.testng.TestRunner.run(TestRunner.java:602)
at org.testng.SuiteRunner.runTest(SuiteRunner.java:437)
at org.testng.SuiteRunner.runSequentially(SuiteRunner.java:431)
at org.testng.SuiteRunner.privateRun(SuiteRunner.java:391)
at org.testng.SuiteRunner.run(SuiteRunner.java:330)
at org.testng.SuiteRunnerWorker.runSuite(SuiteRunnerWorker.java:52)
at org.testng.SuiteRunnerWorker.run(SuiteRunnerWorker.java:95)
at org.testng.TestNG.runSuitesSequentially(TestNG.java:1256)
at org.testng.TestNG.runSuitesLocally(TestNG.java:1176)
at org.testng.TestNG.runSuites(TestNG.java:1099)
at org.testng.TestNG.run(TestNG.java:1067)
at org.testng.remote.AbstractRemoteTestNG.run(AbstractRemoteTestNG.java:115)
at org.testng.remote.RemoteTestNG.initAndRun(RemoteTestNG.java:293)
at org.testng.remote.RemoteTestNG.main(RemoteTestNG.java:91)
]]>
            </full-stacktrace>
          </exception> <!-- java.lang.AssertionError -->
          <reporter-output>
            <line>
              <![CDATA[<a href= "C:\Users\bharg\OneDrive\Desktoperror.jpg">Error SreenShot Link</a>]]>
            </line>
          </reporter-output>
        </test-method> <!-- doLogin -->
      </class> <!-- dependency.TestFailure -->
    </test> <!-- Failure Test -->
  </suite> <!-- Sanity Suite -->
</testng-results>
