<?xml version="1.0" encoding="UTF-8"?>
<!-- Generated by org.testng.reporters.JUnitReportReporter -->
<testsuite hostname="Bhargavilaptop" failures="0" tests="4" name="sampletestng.DataProviderTests" time="0.012" errors="0" timestamp="2025-02-03T15:44:03 IST" skipped="0">
  <testcase classname="sampletestng.DataProviderTests" name="verifyData2Test" time="0.000"/>
  <system-out/>
  <testcase classname="sampletestng.DataProviderTests" name="verifyData2Test" time="0.001"/>
  <system-out/>
  <testcase classname="sampletestng.DataProviderTests" name="verifyData1Test" time="0.001"/>
  <system-out/>
  <testcase classname="sampletestng.DataProviderTests" name="verifyData1Test" time="0.010"/>
  <system-out/>
</testsuite> <!-- sampletestng.DataProviderTests -->
